<?xml version="1.0" encoding="UTF-8"?>
<coverage generated="1734696499250" clover="3.2.0">
  <project timestamp="1734696499250" name="All files">
    <metrics statements="60" coveredstatements="60" conditionals="11" coveredconditionals="11" methods="12" coveredmethods="12" elements="83" coveredelements="83" complexity="0" loc="60" ncloc="60" packages="4" files="4" classes="4"/>
    <package name="ContextProvidersProvider">
      <metrics statements="14" coveredstatements="14" conditionals="1" coveredconditionals="1" methods="2" coveredmethods="2"/>
      <file name="index.tsx" path="/Users/ramon/Projects/ContextProvidersProvider/src/ContextProvidersProvider/index.tsx">
        <metrics statements="14" coveredstatements="14" conditionals="1" coveredconditionals="1" methods="2" coveredmethods="2"/>
        <line num="1" count="2" type="stmt"/>
        <line num="2" count="2" type="stmt"/>
        <line num="3" count="2" type="stmt"/>
        <line num="30" count="2" type="stmt"/>
        <line num="31" count="21" type="stmt"/>
        <line num="32" count="19" type="stmt"/>
        <line num="34" count="19" type="stmt"/>
        <line num="35" count="11" type="stmt"/>
        <line num="43" count="7" type="stmt"/>
        <line num="44" count="21" type="cond" truecount="1" falsecount="0"/>
        <line num="46" count="14" type="stmt"/>
        <line num="47" count="14" type="stmt"/>
        <line num="50" count="7" type="stmt"/>
        <line num="53" count="2" type="stmt"/>
      </file>
    </package>
    <package name="ContextProvidersProvider.utils.detectCircularDependencies">
      <metrics statements="16" coveredstatements="16" conditionals="6" coveredconditionals="6" methods="3" coveredmethods="3"/>
      <file name="index.ts" path="/Users/ramon/Projects/ContextProvidersProvider/src/ContextProvidersProvider/utils/detectCircularDependencies/index.ts">
        <metrics statements="16" coveredstatements="16" conditionals="6" coveredconditionals="6" methods="3" coveredmethods="3"/>
        <line num="9" count="3" type="stmt"/>
        <line num="10" count="25" type="stmt"/>
        <line num="12" count="56" type="stmt"/>
        <line num="13" count="56" type="stmt"/>
        <line num="16" count="25" type="stmt"/>
        <line num="17" count="25" type="stmt"/>
        <line num="25" count="25" type="stmt"/>
        <line num="26" count="82" type="cond" truecount="1" falsecount="0"/>
        <line num="27" count="11" type="stmt"/>
        <line num="29" count="71" type="cond" truecount="1" falsecount="0"/>
        <line num="31" count="60" type="stmt"/>
        <line num="32" count="60" type="cond" truecount="4" falsecount="0"/>
        <line num="33" count="32" type="stmt"/>
        <line num="34" count="32" type="stmt"/>
        <line num="37" count="25" type="stmt"/>
        <line num="40" count="3" type="stmt"/>
      </file>
    </package>
    <package name="ContextProvidersProvider.utils.sortProviders">
      <metrics statements="23" coveredstatements="23" conditionals="4" coveredconditionals="4" methods="5" coveredmethods="5"/>
      <file name="index.ts" path="/Users/ramon/Projects/ContextProvidersProvider/src/ContextProvidersProvider/utils/sortProviders/index.ts">
        <metrics statements="23" coveredstatements="23" conditionals="4" coveredconditionals="4" methods="5" coveredmethods="5"/>
        <line num="10" count="3" type="stmt"/>
        <line num="11" count="17" type="stmt"/>
        <line num="12" count="17" type="stmt"/>
        <line num="13" count="17" type="stmt"/>
        <line num="15" count="17" type="stmt"/>
        <line num="16" count="38" type="cond" truecount="1" falsecount="0"/>
        <line num="17" count="1" type="stmt"/>
        <line num="21" count="37" type="cond" truecount="1" falsecount="0"/>
        <line num="22" count="1" type="stmt"/>
        <line num="25" count="36" type="stmt"/>
        <line num="27" count="36" type="stmt"/>
        <line num="28" count="47" type="stmt"/>
        <line num="29" count="22" type="cond" truecount="1" falsecount="0"/>
        <line num="30" count="5" type="stmt"/>
        <line num="34" count="17" type="stmt"/>
        <line num="37" count="27" type="stmt"/>
        <line num="38" count="27" type="stmt"/>
        <line num="39" count="27" type="stmt"/>
        <line num="42" count="17" type="stmt"/>
        <line num="43" count="33" type="cond" truecount="1" falsecount="0"/>
        <line num="44" count="21" type="stmt"/>
        <line num="48" count="11" type="stmt"/>
        <line num="51" count="3" type="stmt"/>
      </file>
    </package>
    <package name="createContextProvidersProvider">
      <metrics statements="7" coveredstatements="7" conditionals="0" coveredconditionals="0" methods="2" coveredmethods="2"/>
      <file name="index.tsx" path="/Users/ramon/Projects/ContextProvidersProvider/src/createContextProvidersProvider/index.tsx">
        <metrics statements="7" coveredstatements="7" conditionals="0" coveredconditionals="0" methods="2" coveredmethods="2"/>
        <line num="1" count="1" type="stmt"/>
        <line num="2" count="1" type="stmt"/>
        <line num="13" count="1" type="stmt"/>
        <line num="14" count="4" type="stmt"/>
        <line num="16" count="6" type="stmt"/>
        <line num="17" count="5" type="stmt"/>
        <line num="23" count="1" type="stmt"/>
      </file>
    </package>
  </project>
</coverage>
