{"/Users/ramon/Projects/ContextProvidersProvider/src/ContextProvidersProvider/index.tsx": {"path":"/Users/ramon/Projects/ContextProvidersProvider/src/ContextProvidersProvider/index.tsx","statementMap":{"0":{"start":{"line":1,"column":0},"end":{"line":1,"column":41}},"1":{"start":{"line":2,"column":0},"end":{"line":2,"column":50}},"2":{"start":{"line":3,"column":0},"end":{"line":3,"column":76}},"3":{"start":{"line":30,"column":74},"end":{"line":51,"column":1}},"4":{"start":{"line":31,"column":11},"end":{"line":31,"column":null}},"5":{"start":{"line":32,"column":10},"end":{"line":32,"column":null}},"6":{"start":{"line":34,"column":2},"end":{"line":34,"column":40}},"7":{"start":{"line":35,"column":26},"end":{"line":35,"column":50}},"8":{"start":{"line":43,"column":26},"end":{"line":48,"column":3}},"9":{"start":{"line":44,"column":4},"end":{"line":44,"column":64}},"10":{"start":{"line":44,"column":41},"end":{"line":44,"column":64}},"11":{"start":{"line":46,"column":18},"end":{"line":46,"column":41}},"12":{"start":{"line":47,"column":4},"end":{"line":47,"column":41}},"13":{"start":{"line":50,"column":2},"end":{"line":50,"column":28}},"14":{"start":{"line":53,"column":0},"end":{"line":53,"column":40}}},"fnMap":{"0":{"name":"(anonymous_1)","decl":{"start":{"line":30,"column":74},"end":{"line":30,"column":75}},"loc":{"start":{"line":33,"column":1},"end":{"line":51,"column":1}}},"1":{"name":"(anonymous_2)","decl":{"start":{"line":43,"column":26},"end":{"line":43,"column":27}},"loc":{"start":{"line":43,"column":40},"end":{"line":48,"column":3}}}},"branchMap":{"0":{"loc":{"start":{"line":44,"column":4},"end":{"line":44,"column":64}},"type":"if","locations":[{"start":{"line":44,"column":4},"end":{"line":44,"column":64}}]}},"s":{"0":1,"1":1,"2":1,"3":1,"4":13,"5":12,"6":12,"7":8,"8":4,"9":13,"10":4,"11":9,"12":9,"13":4,"14":1},"f":{"0":13,"1":13},"b":{"0":[4]}}
,"/Users/ramon/Projects/ContextProvidersProvider/src/ContextProvidersProvider/utils/detectCircularDependencies/index.ts": {"path":"/Users/ramon/Projects/ContextProvidersProvider/src/ContextProvidersProvider/utils/detectCircularDependencies/index.ts","statementMap":{"0":{"start":{"line":9,"column":35},"end":{"line":38,"column":1}},"1":{"start":{"line":10,"column":50},"end":{"line":10,"column":52}},"2":{"start":{"line":12,"column":2},"end":{"line":14,"column":5}},"3":{"start":{"line":12,"column":27},"end":{"line":12,"column":29}},"4":{"start":{"line":12,"column":41},"end":{"line":12,"column":43}},"5":{"start":{"line":13,"column":4},"end":{"line":13,"column":39}},"6":{"start":{"line":16,"column":18},"end":{"line":16,"column":35}},"7":{"start":{"line":17,"column":19},"end":{"line":17,"column":36}},"8":{"start":{"line":25,"column":16},"end":{"line":35,"column":3}},"9":{"start":{"line":26,"column":4},"end":{"line":28,"column":null}},"10":{"start":{"line":27,"column":6},"end":{"line":27,"column":74}},"11":{"start":{"line":29,"column":4},"end":{"line":29,"column":34}},"12":{"start":{"line":29,"column":27},"end":{"line":29,"column":34}},"13":{"start":{"line":31,"column":4},"end":{"line":31,"column":23}},"14":{"start":{"line":32,"column":4},"end":{"line":32,"column":40}},"15":{"start":{"line":33,"column":4},"end":{"line":33,"column":26}},"16":{"start":{"line":34,"column":4},"end":{"line":34,"column":22}},"17":{"start":{"line":37,"column":2},"end":{"line":37,"column":44}},"18":{"start":{"line":40,"column":0},"end":{"line":40,"column":42}}},"fnMap":{"0":{"name":"(anonymous_0)","decl":{"start":{"line":9,"column":35},"end":{"line":9,"column":36}},"loc":{"start":{"line":9,"column":63},"end":{"line":38,"column":1}}},"1":{"name":"(anonymous_1)","decl":{"start":{"line":12,"column":20},"end":{"line":12,"column":21}},"loc":{"start":{"line":12,"column":43},"end":{"line":14,"column":3}}},"2":{"name":"(anonymous_2)","decl":{"start":{"line":25,"column":16},"end":{"line":25,"column":17}},"loc":{"start":{"line":25,"column":29},"end":{"line":35,"column":3}}}},"branchMap":{"0":{"loc":{"start":{"line":26,"column":4},"end":{"line":28,"column":null}},"type":"if","locations":[{"start":{"line":26,"column":4},"end":{"line":28,"column":null}}]},"1":{"loc":{"start":{"line":29,"column":4},"end":{"line":29,"column":34}},"type":"if","locations":[{"start":{"line":29,"column":4},"end":{"line":29,"column":34}}]},"2":{"loc":{"start":{"line":32,"column":4},"end":{"line":32,"column":39}},"type":"cond-expr","locations":[{"start":{"line":32,"column":23},"end":{"line":32,"column":25}},{"start":{"line":32,"column":23},"end":{"line":32,"column":39}}]},"3":{"loc":{"start":{"line":32,"column":4},"end":{"line":32,"column":25}},"type":"binary-expr","locations":[{"start":{"line":32,"column":4},"end":{"line":32,"column":25}},{"start":{"line":32,"column":23},"end":{"line":32,"column":25}}]}},"s":{"0":2,"1":18,"2":18,"3":39,"4":39,"5":39,"6":18,"7":18,"8":18,"9":58,"10":7,"11":51,"12":8,"13":43,"14":43,"15":27,"16":27,"17":18,"18":2},"f":{"0":18,"1":39,"2":58},"b":{"0":[7],"1":[8],"2":[4,39],"3":[43,43]}}
,"/Users/ramon/Projects/ContextProvidersProvider/src/ContextProvidersProvider/utils/sortProviders/index.ts": {"path":"/Users/ramon/Projects/ContextProvidersProvider/src/ContextProvidersProvider/utils/sortProviders/index.ts","statementMap":{"0":{"start":{"line":10,"column":22},"end":{"line":49,"column":1}},"1":{"start":{"line":11,"column":35},"end":{"line":11,"column":37}},"2":{"start":{"line":12,"column":31},"end":{"line":12,"column":40}},"3":{"start":{"line":13,"column":32},"end":{"line":13,"column":41}},"4":{"start":{"line":15,"column":16},"end":{"line":40,"column":3}},"5":{"start":{"line":16,"column":4},"end":{"line":20,"column":null}},"6":{"start":{"line":17,"column":6},"end":{"line":19,"column":8}},"7":{"start":{"line":21,"column":4},"end":{"line":23,"column":null}},"8":{"start":{"line":22,"column":6},"end":{"line":22,"column":13}},"9":{"start":{"line":25,"column":4},"end":{"line":25,"column":32}},"10":{"start":{"line":27,"column":4},"end":{"line":35,"column":7}},"11":{"start":{"line":28,"column":18},"end":{"line":28,"column":57}},"12":{"start":{"line":28,"column":38},"end":{"line":28,"column":57}},"13":{"start":{"line":29,"column":6},"end":{"line":33,"column":null}},"14":{"start":{"line":30,"column":8},"end":{"line":32,"column":10}},"15":{"start":{"line":34,"column":6},"end":{"line":34,"column":17}},"16":{"start":{"line":37,"column":4},"end":{"line":37,"column":35}},"17":{"start":{"line":38,"column":4},"end":{"line":38,"column":31}},"18":{"start":{"line":39,"column":4},"end":{"line":39,"column":26}},"19":{"start":{"line":42,"column":2},"end":{"line":46,"column":5}},"20":{"start":{"line":43,"column":4},"end":{"line":45,"column":null}},"21":{"start":{"line":44,"column":6},"end":{"line":44,"column":22}},"22":{"start":{"line":48,"column":2},"end":{"line":48,"column":16}},"23":{"start":{"line":51,"column":0},"end":{"line":51,"column":29}}},"fnMap":{"0":{"name":"(anonymous_0)","decl":{"start":{"line":10,"column":22},"end":{"line":10,"column":23}},"loc":{"start":{"line":10,"column":50},"end":{"line":49,"column":1}}},"1":{"name":"(anonymous_1)","decl":{"start":{"line":15,"column":16},"end":{"line":15,"column":17}},"loc":{"start":{"line":15,"column":41},"end":{"line":40,"column":3}}},"2":{"name":"(anonymous_2)","decl":{"start":{"line":27,"column":34},"end":{"line":27,"column":41}},"loc":{"start":{"line":27,"column":41},"end":{"line":35,"column":5}}},"3":{"name":"(anonymous_3)","decl":{"start":{"line":28,"column":33},"end":{"line":28,"column":34}},"loc":{"start":{"line":28,"column":34},"end":{"line":28,"column":39}}},"4":{"name":"(anonymous_4)","decl":{"start":{"line":42,"column":20},"end":{"line":42,"column":28}},"loc":{"start":{"line":42,"column":28},"end":{"line":46,"column":3}}}},"branchMap":{"0":{"loc":{"start":{"line":16,"column":4},"end":{"line":20,"column":null}},"type":"if","locations":[{"start":{"line":16,"column":4},"end":{"line":20,"column":null}}]},"1":{"loc":{"start":{"line":21,"column":4},"end":{"line":23,"column":null}},"type":"if","locations":[{"start":{"line":21,"column":4},"end":{"line":23,"column":null}}]},"2":{"loc":{"start":{"line":29,"column":6},"end":{"line":33,"column":null}},"type":"if","locations":[{"start":{"line":29,"column":6},"end":{"line":33,"column":null}}]},"3":{"loc":{"start":{"line":43,"column":4},"end":{"line":45,"column":null}},"type":"if","locations":[{"start":{"line":43,"column":4},"end":{"line":45,"column":null}}]}},"s":{"0":2,"1":14,"2":14,"3":14,"4":14,"5":33,"6":1,"7":32,"8":1,"9":31,"10":31,"11":19,"12":40,"13":19,"14":5,"15":14,"16":22,"17":22,"18":22,"19":14,"20":28,"21":19,"22":8,"23":2},"f":{"0":14,"1":33,"2":19,"3":40,"4":28},"b":{"0":[1],"1":[1],"2":[5],"3":[19]}}
}
