TN:
SF:src/ContextProvidersProvider/index.tsx
FN:30,(anonymous_1)
FN:43,(anonymous_2)
FNF:2
FNH:2
FNDA:21,(anonymous_1)
FNDA:21,(anonymous_2)
DA:1,2
DA:2,2
DA:3,2
DA:30,2
DA:31,21
DA:32,19
DA:34,19
DA:35,11
DA:43,7
DA:44,21
DA:46,14
DA:47,14
DA:50,7
DA:53,2
LF:14
LH:14
BRDA:44,0,0,7
BRF:1
BRH:1
end_of_record
TN:
SF:src/ContextProvidersProvider/utils/detectCircularDependencies/index.ts
FN:9,(anonymous_0)
FN:12,(anonymous_1)
FN:25,(anonymous_2)
FNF:3
FNH:3
FNDA:25,(anonymous_0)
FNDA:56,(anonymous_1)
FNDA:82,(anonymous_2)
DA:9,3
DA:10,25
DA:12,56
DA:13,56
DA:16,25
DA:17,25
DA:25,25
DA:26,82
DA:27,11
DA:29,71
DA:31,60
DA:32,60
DA:33,32
DA:34,32
DA:37,25
DA:40,3
LF:16
LH:16
BRDA:26,0,0,11
BRDA:29,1,0,11
BRDA:32,2,0,4
BRDA:32,2,1,56
BRDA:32,3,0,60
BRDA:32,3,1,60
BRF:6
BRH:6
end_of_record
TN:
SF:src/ContextProvidersProvider/utils/sortProviders/index.ts
FN:10,(anonymous_0)
FN:15,(anonymous_1)
FN:27,(anonymous_2)
FN:28,(anonymous_3)
FN:42,(anonymous_4)
FNF:5
FNH:5
FNDA:17,(anonymous_0)
FNDA:38,(anonymous_1)
FNDA:22,(anonymous_2)
FNDA:47,(anonymous_3)
FNDA:33,(anonymous_4)
DA:10,3
DA:11,17
DA:12,17
DA:13,17
DA:15,17
DA:16,38
DA:17,1
DA:21,37
DA:22,1
DA:25,36
DA:27,36
DA:28,47
DA:29,22
DA:30,5
DA:34,17
DA:37,27
DA:38,27
DA:39,27
DA:42,17
DA:43,33
DA:44,21
DA:48,11
DA:51,3
LF:23
LH:23
BRDA:16,0,0,1
BRDA:21,1,0,1
BRDA:29,2,0,5
BRDA:43,3,0,21
BRF:4
BRH:4
end_of_record
TN:
SF:src/createContextProvidersProvider/index.tsx
FN:13,(anonymous_1)
FN:16,(anonymous_2)
FNF:2
FNH:2
FNDA:4,(anonymous_1)
FNDA:6,(anonymous_2)
DA:1,1
DA:2,1
DA:13,1
DA:14,4
DA:16,6
DA:17,5
DA:23,1
LF:7
LH:7
BRF:0
BRH:0
end_of_record
