TN:
SF:src/ContextProvidersProvider/index.tsx
FN:30,(anonymous_1)
FN:43,(anonymous_2)
FNF:2
FNH:2
FNDA:13,(anonymous_1)
FNDA:13,(anonymous_2)
DA:1,1
DA:2,1
DA:3,1
DA:30,1
DA:31,13
DA:32,12
DA:34,12
DA:35,8
DA:43,4
DA:44,13
DA:46,9
DA:47,9
DA:50,4
DA:53,1
LF:14
LH:14
BRDA:44,0,0,4
BRF:1
BRH:1
end_of_record
TN:
SF:src/ContextProvidersProvider/utils/detectCircularDependencies/index.ts
FN:9,(anonymous_0)
FN:12,(anonymous_1)
FN:25,(anonymous_2)
FNF:3
FNH:3
FNDA:18,(anonymous_0)
FNDA:39,(anonymous_1)
FNDA:58,(anonymous_2)
DA:9,2
DA:10,18
DA:12,39
DA:13,39
DA:16,18
DA:17,18
DA:25,18
DA:26,58
DA:27,7
DA:29,51
DA:31,43
DA:32,43
DA:33,27
DA:34,27
DA:37,18
DA:40,2
LF:16
LH:16
BRDA:26,0,0,7
BRDA:29,1,0,8
BRDA:32,2,0,4
BRDA:32,2,1,39
BRDA:32,3,0,43
BRDA:32,3,1,43
BRF:6
BRH:6
end_of_record
TN:
SF:src/ContextProvidersProvider/utils/sortProviders/index.ts
FN:10,(anonymous_0)
FN:15,(anonymous_1)
FN:27,(anonymous_2)
FN:28,(anonymous_3)
FN:42,(anonymous_4)
FNF:5
FNH:5
FNDA:14,(anonymous_0)
FNDA:33,(anonymous_1)
FNDA:19,(anonymous_2)
FNDA:40,(anonymous_3)
FNDA:28,(anonymous_4)
DA:10,2
DA:11,14
DA:12,14
DA:13,14
DA:15,14
DA:16,33
DA:17,1
DA:21,32
DA:22,1
DA:25,31
DA:27,31
DA:28,40
DA:29,19
DA:30,5
DA:34,14
DA:37,22
DA:38,22
DA:39,22
DA:42,14
DA:43,28
DA:44,19
DA:48,8
DA:51,2
LF:23
LH:23
BRDA:16,0,0,1
BRDA:21,1,0,1
BRDA:29,2,0,5
BRDA:43,3,0,19
BRF:4
BRH:4
end_of_record
